[debug] [2020-03-28T18:11:43.711Z] ----------------------------------------------------------------------
[debug] [2020-03-28T18:11:43.716Z] Command:       C:\Program Files\nodejs\node.exe C:\Users\sande\AppData\Local\Yarn\Data\global\node_modules\firebase-tools\lib\bin\firebase.js deploy
[debug] [2020-03-28T18:11:43.716Z] CLI Version:   7.16.0
[debug] [2020-03-28T18:11:43.716Z] Platform:      win32
[debug] [2020-03-28T18:11:43.716Z] Node Version:  v12.9.1
[debug] [2020-03-28T18:11:43.727Z] Time:          Sat Mar 28 2020 19:11:43 GMT+0100 (GMT+01:00)
[debug] [2020-03-28T18:11:43.728Z] ----------------------------------------------------------------------
[debug] [2020-03-28T18:11:43.728Z] 
[debug] [2020-03-28T18:11:43.750Z] > command requires scopes: ["email","openid","https://www.googleapis.com/auth/cloudplatformprojects.readonly","https://www.googleapis.com/auth/firebase","https://www.googleapis.com/auth/cloud-platform"]
[debug] [2020-03-28T18:11:43.751Z] > authorizing via signed-in user
[debug] [2020-03-28T18:11:43.751Z] [iam] checking project portfolio-47548 for permissions ["firebase.projects.get","firebasehosting.sites.update"]
[debug] [2020-03-28T18:11:43.760Z] > refreshing access token with scopes: ["email","https://www.googleapis.com/auth/cloud-platform","https://www.googleapis.com/auth/cloudplatformprojects.readonly","https://www.googleapis.com/auth/firebase","openid"]
[debug] [2020-03-28T18:11:43.761Z] >>> HTTP REQUEST POST https://www.googleapis.com/oauth2/v3/token  
 <request body omitted>
[debug] [2020-03-28T18:11:43.836Z] [iam] error while checking permissions, command may fail: FirebaseError: Authentication Error: Your credentials are no longer valid. Please run firebase login --reauth

For CI servers and headless environments, generate a new token with firebase login:ci
[debug] [2020-03-28T18:11:43.838Z] > refreshing access token with scopes: ["email","https://www.googleapis.com/auth/cloud-platform","https://www.googleapis.com/auth/cloudplatformprojects.readonly","https://www.googleapis.com/auth/firebase","openid"]
[debug] [2020-03-28T18:11:43.838Z] >>> HTTP REQUEST POST https://www.googleapis.com/oauth2/v3/token  
 <request body omitted>
[debug] [2020-03-28T18:11:43.844Z] Authentication Error: Your credentials are no longer valid. Please run firebase login --reauth

For CI servers and headless environments, generate a new token with firebase login:ci
[debug] [2020-03-28T18:11:43.858Z] FirebaseError: Authentication Error: Your credentials are no longer valid. Please run firebase login --reauth

For CI servers and headless environments, generate a new token with firebase login:ci
    at Object.<anonymous> (C:\Users\sande\AppData\Local\Yarn\Data\global\node_modules\firebase-tools\lib\auth.js:23:32)
    at Module._compile (internal/modules/cjs/loader.js:936:30)
    at Object.Module._extensions..js (internal/modules/cjs/loader.js:947:10)
    at Module.load (internal/modules/cjs/loader.js:790:32)
    at Function.Module._load (internal/modules/cjs/loader.js:703:12)
    at Module.require (internal/modules/cjs/loader.js:830:19)
    at require (internal/modules/cjs/helpers.js:68:18)
    at Object.<anonymous> (C:\Users\sande\AppData\Local\Yarn\Data\global\node_modules\firebase-tools\lib\commands\login.js:8:12)
    at Module._compile (internal/modules/cjs/loader.js:936:30)
    at Object.Module._extensions..js (internal/modules/cjs/loader.js:947:10)
    at Module.load (internal/modules/cjs/loader.js:790:32)
    at Function.Module._load (internal/modules/cjs/loader.js:703:12)
    at Module.require (internal/modules/cjs/loader.js:830:19)
    at require (internal/modules/cjs/helpers.js:68:18)
    at loadCommand (C:\Users\sande\AppData\Local\Yarn\Data\global\node_modules\firebase-tools\lib\commands\index.js:5:19)
    at module.exports (C:\Users\sande\AppData\Local\Yarn\Data\global\node_modules\firebase-tools\lib\commands\index.js:85:20)
[error] 
[error] Error: Failed to get Firebase project portfolio-47548. Please make sure the project exists and your account has permission to access it.
